Mensaje I / 00:00:00:000 / Root(00) para top(01)
Mensaje I / 00:00:00:000 / top(01) para queue(02)
Mensaje D / 00:00:00:000 / queue(02) / ... para top(01)
Mensaje D / 00:00:00:000 / top(01) / ... para Root(00)
Mensaje X / 00:00:10:000 / Root(00) / in /      1.50000 para top(01)
Mensaje X / 00:00:10:000 / top(01) / in /      1.50000 para queue(02)
Mensaje D / 00:00:10:000 / queue(02) / 00:00:05:000 para top(01)
Mensaje D / 00:00:10:000 / top(01) / 00:00:05:000 para Root(00)
Mensaje * / 00:00:15:000 / Root(00) para top(01)
Mensaje * / 00:00:15:000 / top(01) para queue(02)
Mensaje Y / 00:00:15:000 / queue(02) / out /      1.50000 para top(01)
Mensaje D / 00:00:15:000 / queue(02) / ... para top(01)
Mensaje Y / 00:00:15:000 / top(01) / out /      1.50000 para Root(00)
Mensaje D / 00:00:15:000 / top(01) / ... para Root(00)
Mensaje X / 00:00:18:000 / Root(00) / done /      1.50000 para top(01)
Mensaje X / 00:00:18:000 / top(01) / done /      1.50000 para queue(02)
Mensaje D / 00:00:18:000 / queue(02) / ... para top(01)
Mensaje D / 00:00:18:000 / top(01) / ... para Root(00)
Mensaje X / 00:00:30:000 / Root(00) / in /      3.00000 para top(01)
Mensaje X / 00:00:30:000 / top(01) / in /      3.00000 para queue(02)
Mensaje D / 00:00:30:000 / queue(02) / 00:00:05:000 para top(01)
Mensaje D / 00:00:30:000 / top(01) / 00:00:05:000 para Root(00)
Mensaje * / 00:00:35:000 / Root(00) para top(01)
Mensaje * / 00:00:35:000 / top(01) para queue(02)
Mensaje Y / 00:00:35:000 / queue(02) / out /      3.00000 para top(01)
Mensaje D / 00:00:35:000 / queue(02) / ... para top(01)
Mensaje Y / 00:00:35:000 / top(01) / out /      3.00000 para Root(00)
Mensaje D / 00:00:35:000 / top(01) / ... para Root(00)
Mensaje X / 00:00:45:000 / Root(00) / done /      3.00000 para top(01)
Mensaje X / 00:00:45:000 / top(01) / done /      3.00000 para queue(02)
Mensaje D / 00:00:45:000 / queue(02) / ... para top(01)
Mensaje D / 00:00:45:000 / top(01) / ... para Root(00)
Mensaje X / 00:00:50:000 / Root(00) / in /     -7.00000 para top(01)
Mensaje X / 00:00:50:000 / top(01) / in /     -7.00000 para queue(02)
Mensaje D / 00:00:50:000 / queue(02) / 00:00:05:000 para top(01)
Mensaje D / 00:00:50:000 / top(01) / 00:00:05:000 para Root(00)
Mensaje X / 00:00:52:000 / Root(00) / done /     -7.00000 para top(01)
Mensaje X / 00:00:52:000 / top(01) / done /     -7.00000 para queue(02)
Mensaje D / 00:00:52:000 / queue(02) / 00:00:03:000 para top(01)
Mensaje D / 00:00:52:000 / top(01) / 00:00:03:000 para Root(00)
Mensaje * / 00:00:55:000 / Root(00) para top(01)
Mensaje * / 00:00:55:000 / top(01) para queue(02)
Mensaje Y / 00:00:55:000 / queue(02) / out /      0.00000 para top(01)
Mensaje D / 00:00:55:000 / queue(02) / ... para top(01)
Mensaje Y / 00:00:55:000 / top(01) / out /      0.00000 para Root(00)
Mensaje D / 00:00:55:000 / top(01) / ... para Root(00)
